#
# A fatal error has been detected by the Java Runtime Environment:
#
#  EXCEPTION_ACCESS_VIOLATION (0xc0000005) at pc=0x0000000055718431, pid=12604, tid=0x0000000000003510
#
# JRE version: Java(TM) SE Runtime Environment (8.0_171-b11) (build 1.8.0_171-b11)
# Java VM: Java HotSpot(TM) 64-Bit Server VM (25.171-b11 mixed mode windows-amd64 compressed oops)
# Problematic frame:
# C  0x0000000055718431
#
# Failed to write core dump. Minidumps are not enabled by default on client versions of Windows
#
# If you would like to submit a bug report, please visit:
#   http://bugreport.java.com/bugreport/crash.jsp
# The crash happened outside the Java Virtual Machine in native code.
# See problematic frame for where to report the bug.
#

---------------  T H R E A D  ---------------

Current thread (0x0000000020488800):  JavaThread "JavaFX Application Thread" [_thread_in_native, id=13584, stack(0x00000000262d0000,0x00000000263d0000)]

siginfo: ExceptionCode=0xc0000005, reading address 0x00000000000000a0

Registers:
RAX=0x0000904fbb451abe, RBX=0x00000000263cbd40, RCX=0x0000000000000000, RDX=0x00000000263cbd40
RSP=0x00000000263cbcb0, RBP=0x00000000263cbf20, RSI=0x000000002cc270c0, RDI=0x000000002ccf1b00
R8 =0x0000000000783240, R9 =0x0000000000008000, R10=0x000000002ceb2d80, R11=0x0000000000000000
R12=0x00000000263cbf20, R13=0x0000000000000000, R14=0x00000000263cc0a0, R15=0x00000000263cc0a0
RIP=0x0000000055718431, EFLAGS=0x0000000000010202

Top of Stack: (sp=0x00000000263cbcb0)
0x00000000263cbcb0:   00000000263cc0a0 00000000263cc0a0
0x00000000263cbcc0:   00000000ffffffff 0000000000000004
0x00000000263cbcd0:   00000000263cbf20 0000000000000000
0x00000000263cbce0:   000000002cc270c0 00007ff8457488db
0x00000000263cbcf0:   00000000263cc0a0 00000000263cc0a0
0x00000000263cbd00:   00000000ffffffff 00000000263cbf20
0x00000000263cbd10:   000000002ccf1b00 00000000558c38f7
0x00000000263cbd20:   00000000263cbdc0 00000000263cbf20
0x00000000263cbd30:   000000002cc270c0 00000000218e5e40
0x00000000263cbd40:   0000000000000000 0000000000000000
0x00000000263cbd50:   000000002ceb3850 0000904fbb451abe
0x00000000263cbd60:   000000002ccf1b00 00000000558c17d0
0x00000000263cbd70:   0000000025a7b0d0 00000000263cbdc0
0x00000000263cbd80:   00000000263cbf20 000000002cc270c0
0x00000000263cbd90:   00000000259afd20 000000005537b477
0x00000000263cbda0:   00000000259afd20 00000000207ca218 

Instructions: (pc=0x0000000055718431)
0x0000000055718411:   54 41 55 41 56 41 57 48 83 ec 40 48 c7 02 00 00
0x0000000055718421:   00 00 48 8b da 48 c7 42 08 00 00 00 00 4c 8b e9
0x0000000055718431:   48 8b 91 a0 00 00 00 44 8b a1 ac 00 00 00 49 c1
0x0000000055718441:   e4 04 4c 03 e2 49 3b d4 0f 84 ca 00 00 00 90 4c 


Register to memory mapping:

RAX=0x0000904fbb451abe is an unknown value
RBX=0x00000000263cbd40 is pointing into the stack for thread: 0x0000000020488800
RCX=0x0000000000000000 is an unknown value
RDX=0x00000000263cbd40 is pointing into the stack for thread: 0x0000000020488800
RSP=0x00000000263cbcb0 is pointing into the stack for thread: 0x0000000020488800
RBP=0x00000000263cbf20 is pointing into the stack for thread: 0x0000000020488800
RSI=0x000000002cc270c0 is an unknown value
RDI=0x000000002ccf1b00 is an unknown value
R8 =0x0000000000783240 is an unknown value
R9 =0x0000000000008000 is an unknown value
R10=0x000000002ceb2d80 is an unknown value
R11=0x0000000000000000 is an unknown value
R12=0x00000000263cbf20 is pointing into the stack for thread: 0x0000000020488800
R13=0x0000000000000000 is an unknown value
R14=0x00000000263cc0a0 is pointing into the stack for thread: 0x0000000020488800
R15=0x00000000263cc0a0 is pointing into the stack for thread: 0x0000000020488800


Stack: [0x00000000262d0000,0x00000000263d0000],  sp=0x00000000263cbcb0,  free space=1007k
Native frames: (J=compiled Java code, j=interpreted, Vv=VM code, C=native code)
C  0x0000000055718431
C  0x00000000558c38f7
C  0x00000000558c17d0
C  0x000000005537b477
C  0x00000000558c3a4b
C  0x00000000553725f9
C  0x0000000055641372
C  0x000000005563d034
C  0x0000000055640fcc
C  0x0000000055a5648c
C  0x0000000002b61df0

Java frames: (J=compiled Java code, j=interpreted, Vv=VM code)
j  com.sun.webkit.WebPage.twkProcessMouseEvent(JIIIIIIIZZZZZD)Z+0
j  com.sun.webkit.WebPage.dispatchMouseEvent(Lcom/sun/webkit/event/WCMouseEvent;)Z+142
j  javafx.scene.web.WebView.processMouseEvent(Ljavafx/scene/input/MouseEvent;)V+181
j  javafx.scene.web.WebView.lambda$registerEventHandlers$32(Ljavafx/scene/input/MouseEvent;)V+2
j  javafx.scene.web.WebView$$Lambda$111.handle(Ljavafx/event/Event;)V+8
j  com.sun.javafx.event.CompositeEventHandler$NormalEventHandlerRecord.handleBubblingEvent(Ljavafx/event/Event;)V+5
j  com.sun.javafx.event.CompositeEventHandler.dispatchBubblingEvent(Ljavafx/event/Event;)V+28
J 4598 C1 com.sun.javafx.event.EventHandlerManager.dispatchBubblingEvent(Ljavafx/event/EventType;Ljavafx/event/Event;)Ljavafx/event/Event; (34 bytes) @ 0x000000000388878c [0x0000000003888200+0x58c]
j  com.sun.javafx.event.EventHandlerManager.dispatchBubblingEvent(Ljavafx/event/Event;)Ljavafx/event/Event;+8
j  com.sun.javafx.event.CompositeEventDispatcher.dispatchBubblingEvent(Ljavafx/event/Event;)Ljavafx/event/Event;+11
J 4636 C1 com.sun.javafx.event.BasicEventDispatcher.dispatchEvent(Ljavafx/event/Event;Ljavafx/event/EventDispatchChain;)Ljavafx/event/Event; (44 bytes) @ 0x000000000389f7d4 [0x000000000389f480+0x354]
J 4594 C1 com.sun.javafx.event.EventDispatchChainImpl.dispatchEvent(Ljavafx/event/Event;)Ljavafx/event/Event; (101 bytes) @ 0x000000000388340c [0x0000000003883240+0x1cc]
J 4636 C1 com.sun.javafx.event.BasicEventDispatcher.dispatchEvent(Ljavafx/event/Event;Ljavafx/event/EventDispatchChain;)Ljavafx/event/Event; (44 bytes) @ 0x000000000389f6e4 [0x000000000389f480+0x264]
J 4594 C1 com.sun.javafx.event.EventDispatchChainImpl.dispatchEvent(Ljavafx/event/Event;)Ljavafx/event/Event; (101 bytes) @ 0x000000000388340c [0x0000000003883240+0x1cc]
J 4636 C1 com.sun.javafx.event.BasicEventDispatcher.dispatchEvent(Ljavafx/event/Event;Ljavafx/event/EventDispatchChain;)Ljavafx/event/Event; (44 bytes) @ 0x000000000389f6e4 [0x000000000389f480+0x264]
J 4594 C1 com.sun.javafx.event.EventDispatchChainImpl.dispatchEvent(Ljavafx/event/Event;)Ljavafx/event/Event; (101 bytes) @ 0x000000000388340c [0x0000000003883240+0x1cc]
j  com.sun.javafx.event.EventUtil.fireEventImpl(Ljavafx/event/EventDispatchChain;Ljavafx/event/EventTarget;Ljavafx/event/Event;)Ljavafx/event/Event;+10
j  com.sun.javafx.event.EventUtil.fireEvent(Ljavafx/event/EventTarget;Ljavafx/event/Event;)Ljavafx/event/Event;+46
j  javafx.event.Event.fireEvent(Ljavafx/event/EventTarget;Ljavafx/event/Event;)V+30
j  javafx.scene.Scene$MouseHandler.process(Ljavafx/scene/input/MouseEvent;Z)V+491
j  javafx.scene.Scene$MouseHandler.access$1500(Ljavafx/scene/Scene$MouseHandler;Ljavafx/scene/input/MouseEvent;Z)V+3
j  javafx.scene.Scene.impl_processMouseEvent(Ljavafx/scene/input/MouseEvent;)V+6
j  javafx.scene.Scene$ScenePeerListener.mouseEvent(Ljavafx/event/EventType;DDDDLjavafx/scene/input/MouseButton;ZZZZZZZZZ)V+46
j  com.sun.javafx.tk.quantum.EmbeddedScene.lambda$null$293(IIIIIIZZZZIZZZZ)Ljava/lang/Void;+132
j  com.sun.javafx.tk.quantum.EmbeddedScene$$Lambda$193.run()Ljava/lang/Object;+64
v  ~StubRoutines::call_stub
J 1607  java.security.AccessController.doPrivileged(Ljava/security/PrivilegedAction;Ljava/security/AccessControlContext;)Ljava/lang/Object; (0 bytes) @ 0x00000000030636a6 [0x0000000003063640+0x66]
j  com.sun.javafx.tk.quantum.EmbeddedScene.lambda$mouseEvent$294(IIIIIIZZZZIZZZZ)V+37
j  com.sun.javafx.tk.quantum.EmbeddedScene$$Lambda$192.run()V+64
J 4511 C2 com.sun.javafx.application.PlatformImpl$$Lambda$74.run()Ljava/lang/Object; (8 bytes) @ 0x00000000037aedc0 [0x00000000037aeb40+0x280]
v  ~StubRoutines::call_stub
J 1607  java.security.AccessController.doPrivileged(Ljava/security/PrivilegedAction;Ljava/security/AccessControlContext;)Ljava/lang/Object; (0 bytes) @ 0x00000000030636a6 [0x0000000003063640+0x66]
J 4390 C1 com.sun.javafx.application.PlatformImpl.lambda$runLater$173(Ljava/lang/Runnable;Ljava/security/AccessControlContext;)V (38 bytes) @ 0x0000000003840a6c [0x0000000003840640+0x42c]
J 4389 C1 com.sun.javafx.application.PlatformImpl$$Lambda$73.run()V (12 bytes) @ 0x0000000002c60a54 [0x0000000002c609c0+0x94]
J 4679 C1 com.sun.glass.ui.InvokeLaterDispatcher$Future.run()V (91 bytes) @ 0x00000000038b11b4 [0x00000000038b10a0+0x114]
v  ~StubRoutines::call_stub
j  com.sun.glass.ui.win.WinApplication._runLoop(Ljava/lang/Runnable;)V+0
j  com.sun.glass.ui.win.WinApplication.lambda$null$147(ILjava/lang/Runnable;)V+8
j  com.sun.glass.ui.win.WinApplication$$Lambda$63.run()V+12
j  java.lang.Thread.run()V+11
v  ~StubRoutines::call_stub

---------------  P R O C E S S  ---------------

Java Threads: ( => current thread )
  0x000000001eb03000 JavaThread "URL-Loader-8" daemon [_thread_in_native, id=5044, stack(0x000000002fd40000,0x000000002fe40000)]
  0x000000001eaf7800 JavaThread "FX Access Thread (Visual Debugger)" daemon [_thread_blocked, id=12200, stack(0x000000002ed60000,0x000000002ee60000)]
  0x0000000020489800 JavaThread "Disposer" daemon [_thread_blocked, id=12828, stack(0x000000002e960000,0x000000002ea60000)]
  0x000000002048b800 JavaThread "Prism Font Disposer" daemon [_thread_blocked, id=3584, stack(0x000000002e060000,0x000000002e160000)]
  0x000000002048c800 JavaThread "Thread-12" daemon [_thread_in_native, id=11724, stack(0x000000002c8d0000,0x000000002c9d0000)]
=>0x0000000020488800 JavaThread "JavaFX Application Thread" [_thread_in_native, id=13584, stack(0x00000000262d0000,0x00000000263d0000)]
  0x0000000020488000 JavaThread "Thread-11" daemon [_thread_blocked, id=14012, stack(0x00000000261d0000,0x00000000262d0000)]
  0x0000000020487000 JavaThread "QuantumRenderer-0" daemon [_thread_blocked, id=3300, stack(0x00000000260d0000,0x00000000261d0000)]
  0x0000000020486800 JavaThread "TimerQueue" daemon [_thread_blocked, id=5384, stack(0x00000000240f0000,0x00000000241f0000)]
  0x000000001e601000 JavaThread "Network Thread" [_thread_blocked, id=12296, stack(0x0000000023850000,0x0000000023950000)]
  0x000000001e7cf000 JavaThread "invokeAndBlock1" [_thread_blocked, id=736, stack(0x0000000023750000,0x0000000023850000)]
  0x0000000020b61800 JavaThread "EDT" [_thread_blocked, id=11428, stack(0x0000000022870000,0x0000000022970000)]
  0x000000001e55a800 JavaThread "org.netbeans.modules.debugger.jpda.visual AWT Access Loop" daemon [_thread_blocked, id=9328, stack(0x000000001f260000,0x000000001f360000)]
  0x0000000002a43800 JavaThread "DestroyJavaVM" [_thread_blocked, id=1372, stack(0x0000000002940000,0x0000000002a40000)]
  0x000000001e557000 JavaThread "Thread-4" [_thread_blocked, id=556, stack(0x000000001f160000,0x000000001f260000)]
  0x000000001e552000 JavaThread "AWT-EventQueue-0" [_thread_in_native, id=9840, stack(0x000000001f060000,0x000000001f160000)]
  0x000000001e550800 JavaThread "AWT-Windows" daemon [_thread_in_native, id=13444, stack(0x000000001eea0000,0x000000001efa0000)]
  0x000000001e54c000 JavaThread "AWT-Shutdown" [_thread_blocked, id=3332, stack(0x000000001eda0000,0x000000001eea0000)]
  0x000000001e549000 JavaThread "Java2D Disposer" daemon [_thread_blocked, id=11380, stack(0x000000001eca0000,0x000000001eda0000)]
  0x000000001ddd2800 JavaThread "Service Thread" daemon [_thread_blocked, id=4228, stack(0x000000001e160000,0x000000001e260000)]
  0x000000001c165800 JavaThread "C1 CompilerThread2" daemon [_thread_blocked, id=14308, stack(0x000000001dc60000,0x000000001dd60000)]
  0x000000001c165000 JavaThread "C2 CompilerThread1" daemon [_thread_blocked, id=684, stack(0x000000001db60000,0x000000001dc60000)]
  0x000000001c163800 JavaThread "C2 CompilerThread0" daemon [_thread_blocked, id=14240, stack(0x000000001da60000,0x000000001db60000)]
  0x000000001c13f000 JavaThread "JDWP Command Reader" daemon [_thread_in_native, id=6904, stack(0x000000001d960000,0x000000001da60000)]
  0x000000001c13b800 JavaThread "JDWP Event Helper Thread" daemon [_thread_blocked, id=12948, stack(0x000000001d860000,0x000000001d960000)]
  0x000000001c12e000 JavaThread "JDWP Transport Listener: dt_shmem" daemon [_thread_blocked, id=7432, stack(0x000000001d760000,0x000000001d860000)]
  0x000000001c122800 JavaThread "Attach Listener" daemon [_thread_blocked, id=9580, stack(0x000000001d660000,0x000000001d760000)]
  0x000000001c10d000 JavaThread "Signal Dispatcher" daemon [_thread_blocked, id=8820, stack(0x000000001d560000,0x000000001d660000)]
  0x000000001c10a800 JavaThread "Finalizer" daemon [_thread_blocked, id=7476, stack(0x000000001d370000,0x000000001d470000)]
  0x0000000002b33800 JavaThread "Reference Handler" daemon [_thread_blocked, id=10268, stack(0x000000001d270000,0x000000001d370000)]

Other Threads:
  0x000000001c0e7800 VMThread [stack: 0x000000001d170000,0x000000001d270000] [id=7320]
  0x000000001dde2800 WatcherThread [stack: 0x000000001e260000,0x000000001e360000] [id=10652]

VM state:not at safepoint (normal execution)

VM Mutex/Monitor currently owned by a thread: None

Heap:
 PSYoungGen      total 554496K, used 321852K [0x000000076b380000, 0x0000000795080000, 0x00000007c0000000)
  eden space 423936K, 75% used [0x000000076b380000,0x000000077edcf2d8,0x0000000785180000)
  from space 130560K, 0% used [0x000000078d100000,0x000000078d100000,0x0000000795080000)
  to   space 130560K, 0% used [0x0000000785180000,0x0000000785180000,0x000000078d100000)
 ParOldGen       total 431616K, used 215420K [0x00000006c1a00000, 0x00000006dbf80000, 0x000000076b380000)
  object space 431616K, 49% used [0x00000006c1a00000,0x00000006cec5f070,0x00000006dbf80000)
 Metaspace       used 33004K, capacity 33834K, committed 34092K, reserved 1079296K
  class space    used 4124K, capacity 4308K, committed 4396K, reserved 1048576K

Card table byte_map: [0x0000000011f00000,0x0000000012700000] byte_map_base: 0x000000000e8f3000

Marking Bits: (ParMarkBitMap*) 0x00000000591b08c0
 Begin Bits: [0x0000000013050000, 0x0000000016fe8000)
 End Bits:   [0x0000000016fe8000, 0x000000001af80000)

Polling page: 0x0000000000b00000

CodeCache: size=245760Kb used=14531Kb max_used=14548Kb free=231228Kb
 bounds [0x0000000002b40000, 0x0000000003990000, 0x0000000011b40000]
 total_blobs=4956 nmethods=4063 adapters=812
 compilation: enabled

Compilation events (10 events):
Event: 320.331 Thread 0x000000001c165800 4860       1       com.sun.prism.impl.BaseGraphics::getCameraNoClone (5 bytes)
Event: 320.331 Thread 0x000000001c165800 nmethod 4860 0x0000000003951990 code [0x0000000003951ae0, 0x0000000003951bf0]
Event: 320.331 Thread 0x000000001c165800 4861       1       com.sun.prism.impl.BaseGraphics::isState3D (5 bytes)
Event: 320.331 Thread 0x000000001c165800 nmethod 4861 0x00000000039516d0 code [0x0000000003951820, 0x0000000003951930]
Event: 320.603 Thread 0x000000001c165800 4862       3       javafx.scene.Scene$ClickCounter::stopTimeout (20 bytes)
Event: 320.603 Thread 0x000000001c165800 nmethod 4862 0x0000000003951250 code [0x00000000039513c0, 0x0000000003951628]
Event: 320.603 Thread 0x000000001c165800 4863       3       javafx.scene.Scene$ClickCounter::access$6900 (7 bytes)
Event: 320.603 Thread 0x000000001c165800 nmethod 4863 0x0000000003950e50 code [0x0000000003950fc0, 0x0000000003951148]
Event: 320.603 Thread 0x000000001c165800 4864       3       javafx.scene.Scene$ClickCounter::moved (52 bytes)
Event: 320.604 Thread 0x000000001c165800 nmethod 4864 0x0000000003950450 code [0x0000000003950600, 0x0000000003950c28]

GC Heap History (10 events):
Event: 36.336 GC heap before
{Heap before GC invocations=8 (full 2):
 PSYoungGen      total 138240K, used 123645K [0x000000076b380000, 0x0000000785380000, 0x00000007c0000000)
  eden space 127488K, 96% used [0x000000076b380000,0x0000000772c3f480,0x0000000773000000)
  from space 10752K, 0% used [0x0000000773000000,0x0000000773000000,0x0000000773a80000)
  to   space 90112K, 0% used [0x000000077fb80000,0x000000077fb80000,0x0000000785380000)
 ParOldGen       total 337408K, used 117192K [0x00000006c1a00000, 0x00000006d6380000, 0x000000076b380000)
  object space 337408K, 34% used [0x00000006c1a00000,0x00000006c8c72098,0x00000006d6380000)
 Metaspace       used 22286K, capacity 22630K, committed 22912K, reserved 1069056K
  class space    used 2578K, capacity 2672K, committed 2688K, reserved 1048576K
Event: 36.371 GC heap after
Heap after GC invocations=8 (full 2):
 PSYoungGen      total 312320K, used 87766K [0x000000076b380000, 0x0000000788100000, 0x00000007c0000000)
  eden space 222208K, 0% used [0x000000076b380000,0x000000076b380000,0x0000000778c80000)
  from space 90112K, 97% used [0x000000077fb80000,0x0000000785135ad8,0x0000000785380000)
  to   space 113664K, 0% used [0x0000000778c80000,0x0000000778c80000,0x000000077fb80000)
 ParOldGen       total 337408K, used 133858K [0x00000006c1a00000, 0x00000006d6380000, 0x000000076b380000)
  object space 337408K, 39% used [0x00000006c1a00000,0x00000006c9cb88a8,0x00000006d6380000)
 Metaspace       used 22286K, capacity 22630K, committed 22912K, reserved 1069056K
  class space    used 2578K, capacity 2672K, committed 2688K, reserved 1048576K
}
Event: 190.113 GC heap before
{Heap before GC invocations=9 (full 2):
 PSYoungGen      total 312320K, used 221903K [0x000000076b380000, 0x0000000788100000, 0x00000007c0000000)
  eden space 222208K, 60% used [0x000000076b380000,0x000000077367e478,0x0000000778c80000)
  from space 90112K, 97% used [0x000000077fb80000,0x0000000785135ad8,0x0000000785380000)
  to   space 113664K, 0% used [0x0000000778c80000,0x0000000778c80000,0x000000077fb80000)
 ParOldGen       total 337408K, used 133858K [0x00000006c1a00000, 0x00000006d6380000, 0x000000076b380000)
  object space 337408K, 39% used [0x00000006c1a00000,0x00000006c9cb88a8,0x00000006d6380000)
 Metaspace       used 27989K, capacity 28474K, committed 28588K, reserved 1075200K
  class space    used 3336K, capacity 3472K, committed 3500K, reserved 1048576K
Event: 190.150 GC heap after
Heap after GC invocations=9 (full 2):
 PSYoungGen      total 335872K, used 95775K [0x000000076b380000, 0x0000000795280000, 0x00000007c0000000)
  eden space 222208K, 0% used [0x000000076b380000,0x000000076b380000,0x0000000778c80000)
  from space 113664K, 84% used [0x0000000778c80000,0x000000077ea07f18,0x000000077fb80000)
  to   space 132608K, 0% used [0x000000078d100000,0x000000078d100000,0x0000000795280000)
 ParOldGen       total 337408K, used 133866K [0x00000006c1a00000, 0x00000006d6380000, 0x000000076b380000)
  object space 337408K, 39% used [0x00000006c1a00000,0x00000006c9cba8a8,0x00000006d6380000)
 Metaspace       used 27989K, capacity 28474K, committed 28588K, reserved 1075200K
  class space    used 3336K, capacity 3472K, committed 3500K, reserved 1048576K
}
Event: 190.150 GC heap before
{Heap before GC invocations=10 (full 3):
 PSYoungGen      total 335872K, used 95775K [0x000000076b380000, 0x0000000795280000, 0x00000007c0000000)
  eden space 222208K, 0% used [0x000000076b380000,0x000000076b380000,0x0000000778c80000)
  from space 113664K, 84% used [0x0000000778c80000,0x000000077ea07f18,0x000000077fb80000)
  to   space 132608K, 0% used [0x000000078d100000,0x000000078d100000,0x0000000795280000)
 ParOldGen       total 337408K, used 133866K [0x00000006c1a00000, 0x00000006d6380000, 0x000000076b380000)
  object space 337408K, 39% used [0x00000006c1a00000,0x00000006c9cba8a8,0x00000006d6380000)
 Metaspace       used 27989K, capacity 28474K, committed 28588K, reserved 1075200K
  class space    used 3336K, capacity 3472K, committed 3500K, reserved 1048576K
Event: 190.230 GC heap after
Heap after GC invocations=10 (full 3):
 PSYoungGen      total 335872K, used 0K [0x000000076b380000, 0x0000000795280000, 0x00000007c0000000)
  eden space 222208K, 0% used [0x000000076b380000,0x000000076b380000,0x0000000778c80000)
  from space 113664K, 0% used [0x0000000778c80000,0x0000000778c80000,0x000000077fb80000)
  to   space 132608K, 0% used [0x000000078d100000,0x000000078d100000,0x0000000795280000)
 ParOldGen       total 353792K, used 138402K [0x00000006c1a00000, 0x00000006d7380000, 0x000000076b380000)
  object space 353792K, 39% used [0x00000006c1a00000,0x00000006ca128850,0x00000006d7380000)
 Metaspace       used 27989K, capacity 28474K, committed 28588K, reserved 1075200K
  class space    used 3336K, capacity 3472K, committed 3500K, reserved 1048576K
}
Event: 191.615 GC heap before
{Heap before GC invocations=11 (full 3):
 PSYoungGen      total 335872K, used 222127K [0x000000076b380000, 0x0000000795280000, 0x00000007c0000000)
  eden space 222208K, 99% used [0x000000076b380000,0x0000000778c6bd20,0x0000000778c80000)
  from space 113664K, 0% used [0x0000000778c80000,0x0000000778c80000,0x000000077fb80000)
  to   space 132608K, 0% used [0x000000078d100000,0x000000078d100000,0x0000000795280000)
 ParOldGen       total 353792K, used 138402K [0x00000006c1a00000, 0x00000006d7380000, 0x000000076b380000)
  object space 353792K, 39% used [0x00000006c1a00000,0x00000006ca128850,0x00000006d7380000)
 Metaspace       used 31817K, capacity 32570K, committed 32684K, reserved 1077248K
  class space    used 3987K, capacity 4170K, committed 4268K, reserved 1048576K
Event: 191.622 GC heap after
Heap after GC invocations=11 (full 3):
 PSYoungGen      total 554496K, used 2068K [0x000000076b380000, 0x0000000795080000, 0x00000007c0000000)
  eden space 423936K, 0% used [0x000000076b380000,0x000000076b380000,0x0000000785180000)
  from space 130560K, 1% used [0x000000078d100000,0x000000078d305128,0x0000000795080000)
  to   space 130560K, 0% used [0x0000000785180000,0x0000000785180000,0x000000078d100000)
 ParOldGen       total 353792K, used 138410K [0x00000006c1a00000, 0x00000006d7380000, 0x000000076b380000)
  object space 353792K, 39% used [0x00000006c1a00000,0x00000006ca12a850,0x00000006d7380000)
 Metaspace       used 31817K, capacity 32570K, committed 32684K, reserved 1077248K
  class space    used 3987K, capacity 4170K, committed 4268K, reserved 1048576K
}
Event: 318.479 GC heap before
{Heap before GC invocations=12 (full 4):
 PSYoungGen      total 554496K, used 418816K [0x000000076b380000, 0x0000000795080000, 0x00000007c0000000)
  eden space 423936K, 98% used [0x000000076b380000,0x0000000784a7afb0,0x0000000785180000)
  from space 130560K, 1% used [0x000000078d100000,0x000000078d305128,0x0000000795080000)
  to   space 130560K, 0% used [0x0000000785180000,0x0000000785180000,0x000000078d100000)
 ParOldGen       total 353792K, used 221171K [0x00000006c1a00000, 0x00000006d7380000, 0x000000076b380000)
  object space 353792K, 62% used [0x00000006c1a00000,0x00000006cf1fcd20,0x00000006d7380000)
 Metaspace       used 32993K, capacity 33834K, committed 34092K, reserved 1079296K
  class space    used 4124K, capacity 4308K, committed 4396K, reserved 1048576K
Event: 318.558 GC heap after
Heap after GC invocations=12 (full 4):
 PSYoungGen      total 554496K, used 0K [0x000000076b380000, 0x0000000795080000, 0x00000007c0000000)
  eden space 423936K, 0% used [0x000000076b380000,0x000000076b380000,0x0000000785180000)
  from space 130560K, 0% used [0x000000078d100000,0x000000078d100000,0x0000000795080000)
  to   space 130560K, 0% used [0x0000000785180000,0x0000000785180000,0x000000078d100000)
 ParOldGen       total 431616K, used 215420K [0x00000006c1a00000, 0x00000006dbf80000, 0x000000076b380000)
  object space 431616K, 49% used [0x00000006c1a00000,0x00000006cec5f070,0x00000006dbf80000)
 Metaspace       used 32993K, capacity 33834K, committed 34092K, reserved 1079296K
  class space    used 4124K, capacity 4308K, committed 4396K, reserved 1048576K
}

Deoptimization events (10 events):
Event: 313.795 Thread 0x0000000020488800 Uncommon trap: reason=speculate_class_check action=maybe_recompile pc=0x00000000036fe750 method=java.nio.charset.CharsetDecoder.reset()Ljava/nio/charset/CharsetDecoder; @ 1
Event: 313.799 Thread 0x0000000020488800 Uncommon trap: reason=unstable_if action=reinterpret pc=0x000000000384c1e0 method=com.sun.scenario.animation.AbstractMasterTimer.timePulseImpl(J)V @ 50
Event: 317.182 Thread 0x000000001e552000 Uncommon trap: reason=unstable_if action=reinterpret pc=0x00000000037ec27c method=java.security.AccessControlContext.optimize()Ljava/security/AccessControlContext; @ 279
Event: 318.453 Thread 0x000000001e552000 Uncommon trap: reason=unstable_if action=reinterpret pc=0x00000000037b55cc method=java.util.WeakHashMap.expungeStaleEntries()V @ 9
Event: 318.454 Thread 0x0000000020b61800 Uncommon trap: reason=unstable_if action=reinterpret pc=0x0000000003102b0c method=com.codename1.impl.javase.JavaSEPort$C.updateBufferSize(Ljava/awt/image/BufferedImage;)Ljava/awt/image/BufferedImage; @ 89
Event: 318.660 Thread 0x000000001e552000 Uncommon trap: reason=unstable_if action=reinterpret pc=0x0000000003924330 method=sun.java2d.pipe.Region.isInsideQuickCheck(Lsun/java2d/pipe/Region;)Z @ 37
Event: 318.741 Thread 0x000000001e552000 Uncommon trap: reason=unstable_if action=reinterpret pc=0x00000000039142dc method=sun.java2d.pipe.Region.isInsideQuickCheck(Lsun/java2d/pipe/Region;)Z @ 37
Event: 318.808 Thread 0x000000001e552000 Uncommon trap: reason=unstable_if action=reinterpret pc=0x0000000003932a5c method=sun.java2d.pipe.Region.isInsideQuickCheck(Lsun/java2d/pipe/Region;)Z @ 37
Event: 320.181 Thread 0x000000001e552000 Uncommon trap: reason=unstable_if action=reinterpret pc=0x00000000037628b0 method=java.util.WeakHashMap.expungeStaleEntries()V @ 9
Event: 320.183 Thread 0x0000000020b61800 Uncommon trap: reason=unstable_if action=reinterpret pc=0x0000000003004268 method=com.codename1.impl.javase.JavaSEPort$C.updateBufferSize(Ljava/awt/image/BufferedImage;)Ljava/awt/image/BufferedImage; @ 89

Classes redefined (0 events):
No events

Internal exceptions (10 events):
Event: 11.337 Thread 0x0000000020b61800 Implicit null exception at 0x0000000002e0c915 to 0x0000000002e0ca3d
Event: 22.960 Thread 0x0000000020b61800 Implicit null exception at 0x0000000003057199 to 0x0000000003057271
Event: 35.552 Thread 0x000000001e552000 Implicit null exception at 0x000000000346f8e7 to 0x000000000346fd4d
Event: 189.880 Thread 0x0000000020488800 Implicit null exception at 0x00000000031693cf to 0x0000000003169aa9
Event: 189.897 Thread 0x0000000020b61800 Exception <a 'java/lang/NullPointerException'> (0x0000000772b50fc0) thrown at [C:\re\workspace\8-2-build-windows-amd64-cygwin\jdk8u171\10807\hotspot\src\share\vm\interpreter\linkResolver.cpp, line 1185]
Event: 189.927 Thread 0x0000000020488800 Exception <a 'java/lang/NullPointerException'> (0x0000000773136ec0) thrown at [C:\re\workspace\8-2-build-windows-amd64-cygwin\jdk8u171\10807\hotspot\src\share\vm\interpreter\linkResolver.cpp, line 1185]
Event: 189.927 Thread 0x0000000020488800 Exception <a 'java/lang/NullPointerException'> (0x0000000773136ec0) thrown at [C:\re\workspace\8-2-build-windows-amd64-cygwin\jdk8u171\10807\hotspot\src\share\vm\prims\jvm.cpp, line 1439]
Event: 190.067 Thread 0x0000000020488800 Exception <a 'java/io/FileNotFoundException'> (0x0000000773530d18) thrown at [C:\re\workspace\8-2-build-windows-amd64-cygwin\jdk8u171\10807\hotspot\src\share\vm\prims\jni.cpp, line 709]
Event: 190.722 Thread 0x0000000020488800 Exception <a 'sun/nio/fs/WindowsException'> (0x000000076c569688) thrown at [C:\re\workspace\8-2-build-windows-amd64-cygwin\jdk8u171\10807\hotspot\src\share\vm\prims\jni.cpp, line 709]
Event: 190.725 Thread 0x0000000020488800 Exception <a 'sun/nio/fs/WindowsException'> (0x000000076c56af48) thrown at [C:\re\workspace\8-2-build-windows-amd64-cygwin\jdk8u171\10807\hotspot\src\share\vm\prims\jni.cpp, line 709]

Events (10 events):
Event: 320.181 Thread 0x000000001e552000 DEOPT UNPACKING pc=0x0000000002b8583b sp=0x000000001f15c460 mode 2
Event: 320.183 Thread 0x0000000020b61800 Uncommon trap: trap_request=0xffffff65 fr.pc=0x0000000003004268
Event: 320.183 Thread 0x0000000020b61800 DEOPT PACKING pc=0x0000000003004268 sp=0x000000002296e610
Event: 320.183 Thread 0x0000000020b61800 DEOPT UNPACKING pc=0x0000000002b8583b sp=0x000000002296e4f8 mode 2
Event: 320.235 Executing VM operation: RevokeBias
Event: 320.235 Executing VM operation: RevokeBias done
Event: 320.250 Executing VM operation: RevokeBias
Event: 320.250 Executing VM operation: RevokeBias done
Event: 320.330 Executing VM operation: RevokeBias
Event: 320.330 Executing VM operation: RevokeBias done


Dynamic libraries:
0x00007ff7869e0000 - 0x00007ff786a17000 	C:\Program Files\Java\jdk1.8.0_171\jre\bin\java.exe
0x00007ff8490d0000 - 0x00007ff8492b1000 	C:\WINDOWS\SYSTEM32\ntdll.dll
0x00007ff8482f0000 - 0x00007ff8483a1000 	C:\WINDOWS\System32\KERNEL32.DLL
0x00007ff8454c0000 - 0x00007ff845733000 	C:\WINDOWS\System32\KERNELBASE.dll
0x00007ff848640000 - 0x00007ff8486e1000 	C:\WINDOWS\System32\ADVAPI32.dll
0x00007ff848560000 - 0x00007ff8485fe000 	C:\WINDOWS\System32\msvcrt.dll
0x00007ff8484e0000 - 0x00007ff84853b000 	C:\WINDOWS\System32\sechost.dll
0x00007ff848dd0000 - 0x00007ff848ef4000 	C:\WINDOWS\System32\RPCRT4.dll
0x00007ff848f00000 - 0x00007ff849090000 	C:\WINDOWS\System32\USER32.dll
0x00007ff8454a0000 - 0x00007ff8454c0000 	C:\WINDOWS\System32\win32u.dll
0x00007ff848600000 - 0x00007ff848628000 	C:\WINDOWS\System32\GDI32.dll
0x00007ff845950000 - 0x00007ff845ae1000 	C:\WINDOWS\System32\gdi32full.dll
0x00007ff8464c0000 - 0x00007ff84655f000 	C:\WINDOWS\System32\msvcp_win.dll
0x00007ff845740000 - 0x00007ff845838000 	C:\WINDOWS\System32\ucrtbase.dll
0x00007ff8371c0000 - 0x00007ff837429000 	C:\WINDOWS\WinSxS\amd64_microsoft.windows.common-controls_6595b64144ccf1df_6.0.17134.885_none_fb42a3473065565f\COMCTL32.dll
0x00007ff846560000 - 0x00007ff846882000 	C:\WINDOWS\System32\combase.dll
0x00007ff845b40000 - 0x00007ff845bb9000 	C:\WINDOWS\System32\bcryptPrimitives.dll
0x00007ff8483b0000 - 0x00007ff8483dd000 	C:\WINDOWS\System32\IMM32.DLL
0x00000000588b0000 - 0x0000000058982000 	C:\Program Files\Java\jdk1.8.0_171\jre\bin\msvcr100.dll
0x0000000058990000 - 0x0000000059230000 	C:\Program Files\Java\jdk1.8.0_171\jre\bin\server\jvm.dll
0x00007ff848630000 - 0x00007ff848638000 	C:\WINDOWS\System32\PSAPI.DLL
0x00007ff82f6d0000 - 0x00007ff82f6d9000 	C:\WINDOWS\SYSTEM32\WSOCK32.dll
0x00007ff8469e0000 - 0x00007ff846a4c000 	C:\WINDOWS\System32\WS2_32.dll
0x00007ff843500000 - 0x00007ff843523000 	C:\WINDOWS\SYSTEM32\WINMM.dll
0x00007ff8357d0000 - 0x00007ff8357da000 	C:\WINDOWS\SYSTEM32\VERSION.dll
0x00007ff8434d0000 - 0x00007ff8434fa000 	C:\WINDOWS\SYSTEM32\WINMMBASE.dll
0x00007ff845af0000 - 0x00007ff845b39000 	C:\WINDOWS\System32\cfgmgr32.dll
0x0000000059430000 - 0x000000005943f000 	C:\Program Files\Java\jdk1.8.0_171\jre\bin\verify.dll
0x0000000059400000 - 0x0000000059429000 	C:\Program Files\Java\jdk1.8.0_171\jre\bin\java.dll
0x0000000058480000 - 0x00000000584b5000 	C:\Program Files\Java\jdk1.8.0_171\jre\bin\jdwp.dll
0x0000000058470000 - 0x0000000058478000 	C:\Program Files\Java\jdk1.8.0_171\jre\bin\npt.dll
0x00000000593e0000 - 0x00000000593f6000 	C:\Program Files\Java\jdk1.8.0_171\jre\bin\zip.dll
0x00007ff846a50000 - 0x00007ff847e90000 	C:\WINDOWS\System32\SHELL32.dll
0x00007ff848d20000 - 0x00007ff848dc9000 	C:\WINDOWS\System32\shcore.dll
0x00007ff845bc0000 - 0x00007ff8462cd000 	C:\WINDOWS\System32\windows.storage.dll
0x00007ff848a30000 - 0x00007ff848a81000 	C:\WINDOWS\System32\shlwapi.dll
0x00007ff845430000 - 0x00007ff845441000 	C:\WINDOWS\System32\kernel.appcore.dll
0x00007ff8453f0000 - 0x00007ff84540f000 	C:\WINDOWS\System32\profapi.dll
0x00007ff845450000 - 0x00007ff84549c000 	C:\WINDOWS\System32\powrprof.dll
0x00007ff8453e0000 - 0x00007ff8453ea000 	C:\WINDOWS\System32\FLTLIB.DLL
0x00000000584c0000 - 0x00000000584cb000 	C:\Program Files\Java\jdk1.8.0_171\jre\bin\dt_shmem.dll
0x00000000593c0000 - 0x00000000593da000 	C:\Program Files\Java\jdk1.8.0_171\jre\bin\net.dll
0x00007ff844c60000 - 0x00007ff844cc6000 	C:\WINDOWS\system32\mswsock.dll
0x00000000586f0000 - 0x0000000058888000 	C:\Program Files\Java\jdk1.8.0_171\jre\bin\awt.dll
0x00007ff846910000 - 0x00007ff8469d2000 	C:\WINDOWS\System32\OLEAUT32.dll
0x00007ff843430000 - 0x00007ff8434bb000 	C:\WINDOWS\SYSTEM32\apphelp.dll
0x00007ff843790000 - 0x00007ff843828000 	C:\WINDOWS\system32\uxtheme.dll
0x00007ff848850000 - 0x00007ff8489c3000 	C:\WINDOWS\System32\MSCTF.dll
0x00007ff8438e0000 - 0x00007ff843909000 	C:\WINDOWS\system32\dwmapi.dll
0x00007ff8486f0000 - 0x00007ff848841000 	C:\WINDOWS\System32\ole32.dll
0x00007ff819ae0000 - 0x00007ff819c00000 	C:\WINDOWS\system32\opengl32.dll
0x00007ff828180000 - 0x00007ff8281ac000 	C:\WINDOWS\SYSTEM32\GLU32.dll
0x00007ff844e20000 - 0x00007ff844e37000 	C:\WINDOWS\SYSTEM32\CRYPTSP.dll
0x00007ff844850000 - 0x00007ff844883000 	C:\WINDOWS\system32\rsaenh.dll
0x00007ff844f40000 - 0x00007ff844f65000 	C:\WINDOWS\SYSTEM32\bcrypt.dll
0x00007ff8452e0000 - 0x00007ff845308000 	C:\WINDOWS\SYSTEM32\USERENV.dll
0x00007ff844e10000 - 0x00007ff844e1b000 	C:\WINDOWS\SYSTEM32\CRYPTBASE.dll
0x00007ff8449f0000 - 0x00007ff844a28000 	C:\WINDOWS\SYSTEM32\IPHLPAPI.DLL
0x00007ff8482e0000 - 0x00007ff8482e8000 	C:\WINDOWS\System32\NSI.dll
0x00007ff839be0000 - 0x00007ff839bf6000 	C:\WINDOWS\SYSTEM32\dhcpcsvc6.DLL
0x00007ff839cb0000 - 0x00007ff839cca000 	C:\WINDOWS\SYSTEM32\dhcpcsvc.DLL
0x0000000058890000 - 0x00000000588a1000 	C:\Program Files\Java\jdk1.8.0_171\jre\bin\nio.dll
0x0000000058650000 - 0x0000000058697000 	C:\Program Files\Java\jdk1.8.0_171\jre\bin\fontmanager.dll
0x0000000058600000 - 0x0000000058642000 	C:\Program Files\Java\jdk1.8.0_171\jre\bin\t2k.dll
0x00007ff83d8b0000 - 0x00007ff83d946000 	C:\WINDOWS\System32\TextInputFramework.dll
0x00007ff840c50000 - 0x00007ff840f6e000 	C:\WINDOWS\System32\CoreUIComponents.dll
0x00007ff842ef0000 - 0x00007ff842fca000 	C:\WINDOWS\System32\CoreMessaging.dll
0x00007ff8444e0000 - 0x00007ff844511000 	C:\WINDOWS\SYSTEM32\ntmarta.dll
0x00007ff841510000 - 0x00007ff84165d000 	C:\WINDOWS\SYSTEM32\wintypes.dll
0x00007ff835640000 - 0x00007ff8356ab000 	C:\WINDOWS\system32\Oleacc.dll
0x00000000584d0000 - 0x00000000584fa000 	C:\Program Files\Java\jdk1.8.0_171\jre\bin\dcpr.dll
0x0000000058390000 - 0x00000000583b4000 	C:\Program Files\Java\jdk1.8.0_171\jre\bin\sunec.dll
0x0000000058380000 - 0x000000005838b000 	C:\Program Files\Java\jdk1.8.0_171\jre\bin\sunmscapi.dll
0x00007ff8462d0000 - 0x00007ff8464b2000 	C:\WINDOWS\System32\CRYPT32.dll
0x00007ff845410000 - 0x00007ff845422000 	C:\WINDOWS\System32\MSASN1.dll
0x00007ff844a30000 - 0x00007ff844aee000 	C:\WINDOWS\SYSTEM32\DNSAPI.dll
0x00007ff838750000 - 0x00007ff83875a000 	C:\Windows\System32\rasadhlp.dll
0x00007ff8483e0000 - 0x00007ff848480000 	C:\WINDOWS\System32\clbcatq.dll
0x00007ff8416e0000 - 0x00007ff84188e000 	C:\WINDOWS\SYSTEM32\WindowsCodecs.dll
0x00007ff827360000 - 0x00007ff8273b8000 	C:\WINDOWS\system32\dataexchange.dll
0x00007ff842fd0000 - 0x00007ff84316c000 	C:\WINDOWS\system32\dcomp.dll
0x00007ff841e10000 - 0x00007ff84211b000 	C:\WINDOWS\system32\d3d11.dll
0x00007ff844280000 - 0x00007ff84433b000 	C:\WINDOWS\system32\dxgi.dll
0x00007ff8439f0000 - 0x00007ff843ba8000 	C:\WINDOWS\system32\twinapi.appcore.dll
0x00007ff843860000 - 0x00007ff843881000 	C:\WINDOWS\system32\RMCLIENT.dll
0x00007ff838c50000 - 0x00007ff838cc2000 	C:\WINDOWS\System32\fwpuclnt.dll
0x000000001f360000 - 0x000000001f363000 	C:\Program Files\Java\jdk1.8.0_171\jre\bin\api-ms-win-core-console-l1-1-0.dll
0x000000001f370000 - 0x000000001f373000 	C:\Program Files\Java\jdk1.8.0_171\jre\bin\api-ms-win-core-datetime-l1-1-0.dll
0x000000001f380000 - 0x000000001f383000 	C:\Program Files\Java\jdk1.8.0_171\jre\bin\api-ms-win-core-debug-l1-1-0.dll
0x000000001f390000 - 0x000000001f393000 	C:\Program Files\Java\jdk1.8.0_171\jre\bin\api-ms-win-core-errorhandling-l1-1-0.dll
0x000000001f3a0000 - 0x000000001f3a4000 	C:\Program Files\Java\jdk1.8.0_171\jre\bin\api-ms-win-core-file-l1-1-0.dll
0x000000001f3b0000 - 0x000000001f3b3000 	C:\Program Files\Java\jdk1.8.0_171\jre\bin\api-ms-win-core-file-l1-2-0.dll
0x000000001f3c0000 - 0x000000001f3c3000 	C:\Program Files\Java\jdk1.8.0_171\jre\bin\api-ms-win-core-file-l2-1-0.dll
0x000000001f3d0000 - 0x000000001f3d3000 	C:\Program Files\Java\jdk1.8.0_171\jre\bin\api-ms-win-core-handle-l1-1-0.dll
0x000000001f3e0000 - 0x000000001f3e3000 	C:\Program Files\Java\jdk1.8.0_171\jre\bin\api-ms-win-core-heap-l1-1-0.dll
0x000000001f3f0000 - 0x000000001f3f3000 	C:\Program Files\Java\jdk1.8.0_171\jre\bin\api-ms-win-core-interlocked-l1-1-0.dll
0x000000001f400000 - 0x000000001f403000 	C:\Program Files\Java\jdk1.8.0_171\jre\bin\api-ms-win-core-libraryloader-l1-1-0.dll
0x000000001f410000 - 0x000000001f413000 	C:\Program Files\Java\jdk1.8.0_171\jre\bin\api-ms-win-core-localization-l1-2-0.dll
0x000000001f420000 - 0x000000001f423000 	C:\Program Files\Java\jdk1.8.0_171\jre\bin\api-ms-win-core-memory-l1-1-0.dll
0x000000001f430000 - 0x000000001f433000 	C:\Program Files\Java\jdk1.8.0_171\jre\bin\api-ms-win-core-namedpipe-l1-1-0.dll
0x000000001f440000 - 0x000000001f443000 	C:\Program Files\Java\jdk1.8.0_171\jre\bin\api-ms-win-core-processenvironment-l1-1-0.dll
0x000000001f450000 - 0x000000001f453000 	C:\Program Files\Java\jdk1.8.0_171\jre\bin\api-ms-win-core-processthreads-l1-1-0.dll
0x00000000214f0000 - 0x00000000214f3000 	C:\Program Files\Java\jdk1.8.0_171\jre\bin\api-ms-win-core-processthreads-l1-1-1.dll
0x0000000021500000 - 0x0000000021503000 	C:\Program Files\Java\jdk1.8.0_171\jre\bin\api-ms-win-core-profile-l1-1-0.dll
0x0000000021510000 - 0x0000000021513000 	C:\Program Files\Java\jdk1.8.0_171\jre\bin\api-ms-win-core-rtlsupport-l1-1-0.dll
0x0000000021520000 - 0x0000000021523000 	C:\Program Files\Java\jdk1.8.0_171\jre\bin\api-ms-win-core-string-l1-1-0.dll
0x0000000021530000 - 0x0000000021533000 	C:\Program Files\Java\jdk1.8.0_171\jre\bin\api-ms-win-core-synch-l1-1-0.dll
0x0000000021540000 - 0x0000000021543000 	C:\Program Files\Java\jdk1.8.0_171\jre\bin\api-ms-win-core-synch-l1-2-0.dll
0x0000000021550000 - 0x0000000021553000 	C:\Program Files\Java\jdk1.8.0_171\jre\bin\api-ms-win-core-sysinfo-l1-1-0.dll
0x0000000021860000 - 0x0000000021863000 	C:\Program Files\Java\jdk1.8.0_171\jre\bin\api-ms-win-core-timezone-l1-1-0.dll
0x0000000021870000 - 0x0000000021873000 	C:\Program Files\Java\jdk1.8.0_171\jre\bin\api-ms-win-core-util-l1-1-0.dll
0x0000000021880000 - 0x0000000021883000 	C:\Program Files\Java\jdk1.8.0_171\jre\bin\api-ms-win-crt-conio-l1-1-0.dll
0x0000000021890000 - 0x0000000021894000 	C:\Program Files\Java\jdk1.8.0_171\jre\bin\api-ms-win-crt-convert-l1-1-0.dll
0x00000000244b0000 - 0x00000000244b3000 	C:\Program Files\Java\jdk1.8.0_171\jre\bin\api-ms-win-crt-environment-l1-1-0.dll
0x00000000244c0000 - 0x00000000244c3000 	C:\Program Files\Java\jdk1.8.0_171\jre\bin\api-ms-win-crt-filesystem-l1-1-0.dll
0x00000000244d0000 - 0x00000000244d3000 	C:\Program Files\Java\jdk1.8.0_171\jre\bin\api-ms-win-crt-heap-l1-1-0.dll
0x00000000244e0000 - 0x00000000244e3000 	C:\Program Files\Java\jdk1.8.0_171\jre\bin\api-ms-win-crt-locale-l1-1-0.dll
0x00000000244f0000 - 0x00000000244f5000 	C:\Program Files\Java\jdk1.8.0_171\jre\bin\api-ms-win-crt-math-l1-1-0.dll
0x00000000257b0000 - 0x00000000257b5000 	C:\Program Files\Java\jdk1.8.0_171\jre\bin\api-ms-win-crt-multibyte-l1-1-0.dll
0x00000000257c0000 - 0x00000000257d0000 	C:\Program Files\Java\jdk1.8.0_171\jre\bin\api-ms-win-crt-private-l1-1-0.dll
0x00000000257d0000 - 0x00000000257d3000 	C:\Program Files\Java\jdk1.8.0_171\jre\bin\api-ms-win-crt-process-l1-1-0.dll
0x00000000257e0000 - 0x00000000257e4000 	C:\Program Files\Java\jdk1.8.0_171\jre\bin\api-ms-win-crt-runtime-l1-1-0.dll
0x00000000257f0000 - 0x00000000257f4000 	C:\Program Files\Java\jdk1.8.0_171\jre\bin\api-ms-win-crt-stdio-l1-1-0.dll
0x0000000025800000 - 0x0000000025804000 	C:\Program Files\Java\jdk1.8.0_171\jre\bin\api-ms-win-crt-string-l1-1-0.dll
0x0000000025810000 - 0x0000000025813000 	C:\Program Files\Java\jdk1.8.0_171\jre\bin\api-ms-win-crt-time-l1-1-0.dll
0x0000000025820000 - 0x0000000025823000 	C:\Program Files\Java\jdk1.8.0_171\jre\bin\api-ms-win-crt-utility-l1-1-0.dll
0x00007ff81b4c0000 - 0x00007ff81b5b6000 	C:\Program Files\Java\jdk1.8.0_171\jre\bin\ucrtbase.dll
0x00007ff81b460000 - 0x00007ff81b4b1000 	C:\Program Files\Java\jdk1.8.0_171\jre\bin\concrt140.dll

VM Arguments:
jvm_args: -Xdebug -Xrunjdwp:transport=dt_shmem,address=javadebug -Dfile.encoding=UTF-8 
java_command: com.codename1.impl.javase.Simulator za.co.cipc.app.CIPC
java_class_path (initial): C:\MobileAppCIPC\cipcbeta\JavaSE.jar;C:\MobileAppCIPC\cipcbeta\lib\CLDC11.jar;C:\MobileAppCIPC\cipcbeta\lib\CodenameOne_SRC.zip;C:\MobileAppCIPC\cipcbeta\lib\CodenameOne.jar;C:\MobileAppCIPC\cn1;C:\MobileAppCIPC\cipcbeta\lib\impl\cls;C:\MobileAppCIPC\cipcbeta\lib\impl\stubs;C:\MobileAppCIPC\cipcbeta\build\classes
Launcher Type: SUN_STANDARD

Environment Variables:
JAVA_HOME=D:\Java\jdk1.8.0_121
CLASSPATH=.;C:\PROGRA~1\IBM\SQLLIB\java\db2java.zip;C:\PROGRA~1\IBM\SQLLIB\java\db2jcc.jar;C:\PROGRA~1\IBM\SQLLIB\java\sqlj.zip;C:\PROGRA~1\IBM\SQLLIB\java\DB2JCC~1.JAR;C:\PROGRA~1\IBM\SQLLIB\BIN;C:\PROGRA~1\IBM\SQLLIB\java\Common.jar
USERNAME=Administrator
OS=Windows_NT
PROCESSOR_IDENTIFIER=Intel64 Family 6 Model 78 Stepping 3, GenuineIntel



---------------  S Y S T E M  ---------------

OS: Windows 10.0 , 64 bit Build 17134 (10.0.17134.753)

CPU:total 4 (initial active 4) (2 cores per cpu, 2 threads per core) family 6 model 78 stepping 3, cmov, cx8, fxsr, mmx, sse, sse2, sse3, ssse3, sse4.1, sse4.2, popcnt, avx, avx2, aes, clmul, erms, 3dnowpref, lzcnt, ht, tsc, tscinvbit, bmi1, bmi2, adx

Memory: 4k page, physical 16668592k(10913660k free), swap 19158960k(12316588k free)

vm_info: Java HotSpot(TM) 64-Bit Server VM (25.171-b11) for windows-amd64 JRE (1.8.0_171-b11), built on Mar 28 2018 16:06:12 by "java_re" with MS VC++ 10.0 (VS2010)

time: Tue Jul 23 09:51:29 2019
elapsed time: 321 seconds (0d 0h 5m 21s)

